2020-02-16 13:28:35.560 [restartedMain] INFO  [org.aichs.kite.Application:55] - Starting Application on acerdeMBP.lan with PID 5510 (/Users/acer/IdeaProjects/kiteProject/kite-web/target/classes started by acer in /Users/acer/IdeaProjects/kiteProject)
2020-02-16 13:28:35.579 [restartedMain] INFO  [org.aichs.kite.Application:655] - The following profiles are active: dev
2020-02-16 13:28:35.642 [restartedMain] INFO  [org.springframework.boot.devtools.env.DevToolsPropertyDefaultsPostProcessor:225] - Devtools property defaults active! Set 'spring.devtools.add-properties' to 'false' to disable
2020-02-16 13:28:35.642 [restartedMain] INFO  [org.springframework.boot.devtools.env.DevToolsPropertyDefaultsPostProcessor:225] - For additional web related logging consider setting the 'logging.level.web' property to 'DEBUG'
2020-02-16 13:28:36.452 [restartedMain] WARN  [org.mybatis.spring.mapper.ClassPathMapperScanner:44] - No MyBatis mapper was found in '[org.aichs.kite.dao]' package. Please check your configuration.
2020-02-16 13:28:37.445 [restartedMain] INFO  [org.springframework.boot.web.embedded.tomcat.TomcatWebServer:92] - Tomcat initialized with port(s): 9002 (http)
2020-02-16 13:28:37.462 [restartedMain] INFO  [org.apache.coyote.http11.Http11NioProtocol:173] - Initializing ProtocolHandler ["http-nio-9002"]
2020-02-16 13:28:37.464 [restartedMain] INFO  [org.apache.catalina.core.StandardService:173] - Starting service [Tomcat]
2020-02-16 13:28:37.465 [restartedMain] INFO  [org.apache.catalina.core.StandardEngine:173] - Starting Servlet engine: [Apache Tomcat/9.0.27]
2020-02-16 13:28:37.576 [restartedMain] INFO  [org.apache.catalina.core.ContainerBase.[Tomcat].[localhost].[/Kite]:173] - Initializing Spring embedded WebApplicationContext
2020-02-16 13:28:37.576 [restartedMain] INFO  [org.springframework.web.context.ContextLoader:284] - Root WebApplicationContext: initialization completed in 1934 ms
2020-02-16 13:28:38.367 [restartedMain] INFO  [org.springframework.scheduling.concurrent.ThreadPoolTaskExecutor:171] - Initializing ExecutorService 'applicationTaskExecutor'
2020-02-16 13:28:39.046 [restartedMain] INFO  [org.springframework.boot.autoconfigure.security.servlet.UserDetailsServiceAutoConfiguration:86] - 

Using generated security password: 8acb0cbe-a4df-4f01-bd5d-af0e51778abb

2020-02-16 13:28:39.229 [restartedMain] INFO  [org.springframework.security.web.DefaultSecurityFilterChain:43] - Creating filter chain: any request, [org.springframework.security.web.context.request.async.WebAsyncManagerIntegrationFilter@5e500324, org.springframework.security.web.context.SecurityContextPersistenceFilter@11ed31b9, org.springframework.security.web.header.HeaderWriterFilter@6e669741, org.springframework.security.web.csrf.CsrfFilter@5532787c, org.springframework.security.web.authentication.logout.LogoutFilter@c2b6869, org.springframework.security.web.authentication.UsernamePasswordAuthenticationFilter@32c960e3, org.springframework.security.web.authentication.ui.DefaultLoginPageGeneratingFilter@27bdd7fa, org.springframework.security.web.authentication.ui.DefaultLogoutPageGeneratingFilter@525df3f4, org.springframework.security.web.authentication.www.BasicAuthenticationFilter@3ac7e353, org.springframework.security.web.savedrequest.RequestCacheAwareFilter@659d8c21, org.springframework.security.web.servletapi.SecurityContextHolderAwareRequestFilter@30ede436, org.springframework.security.web.authentication.AnonymousAuthenticationFilter@7d384648, org.springframework.security.web.session.SessionManagementFilter@7362893c, org.springframework.security.web.access.ExceptionTranslationFilter@524bbd8, org.springframework.security.web.access.intercept.FilterSecurityInterceptor@2e0805f7]
2020-02-16 13:28:39.244 [restartedMain] INFO  [org.springframework.scheduling.concurrent.ThreadPoolTaskScheduler:171] - Initializing ExecutorService 'taskScheduler'
2020-02-16 13:28:39.288 [restartedMain] INFO  [org.springframework.boot.devtools.autoconfigure.OptionalLiveReloadServer:58] - LiveReload server is running on port 35729
2020-02-16 13:28:39.328 [restartedMain] INFO  [org.apache.coyote.http11.Http11NioProtocol:173] - Starting ProtocolHandler ["http-nio-9002"]
2020-02-16 13:28:39.368 [restartedMain] INFO  [org.springframework.boot.web.embedded.tomcat.TomcatWebServer:204] - Tomcat started on port(s): 9002 (http) with context path '/Kite'
2020-02-16 13:28:39.374 [restartedMain] INFO  [org.aichs.kite.Application:61] - Started Application in 4.467 seconds (JVM running for 5.93)
2020-02-16 13:28:48.620 [SpringContextShutdownHook] INFO  [org.springframework.scheduling.concurrent.ThreadPoolTaskScheduler:208] - Shutting down ExecutorService 'taskScheduler'
2020-02-16 13:28:48.623 [SpringContextShutdownHook] INFO  [org.springframework.scheduling.concurrent.ThreadPoolTaskExecutor:208] - Shutting down ExecutorService 'applicationTaskExecutor'
